Report 6768 Mimpiman
Jam :  23
=================================
ID	Partner	Group Name	Total Member
22	Mimpiman	COIM	133
23	Mimpiman	TOLAK	6
24	Mimpiman	RAHASIA	1163
25	Mimpiman	SUKA	91
26	Mimpiman	TALU	461
42	Mimpiman	RAZO	1
ID	Group	Sub	Total Member
42	RAZO	Def	1
=================================
MO :
      1  =   unreg rahasia




=================================
MT PULL :
      1  =   rahasia  

MT PUSH :


Retry Hari Pertama :




Retry Hari Kedua :

    706  =   rahasia  
=================================
DR :
     44 =  2 
    662 =  4 
      1 =  6 

DR2
      1  =   67680184001027   :   rahasia  
     43  =   67680184049008   :   rahasia  
DR4
    662  =   67680184049008   :   rahasia  
